# JRE version: OpenJDK Runtime Environment Corretto-11.0.12.7.1 (11.0.12+7) (build 11.0.12+7-LTS)
# Java VM: OpenJDK 64-Bit Server VM Corretto-11.0.12.7.1 (11.0.12+7-LTS, mixed mode, tiered, compressed oops, g1 gc, windows-amd64)
Heap:
 garbage-first heap   total 260096K, used 21474K [0x0000000703400000, 0x0000000800000000)
  region size 1024K, 14 young (14336K), 5 survivors (5120K)
 Metaspace       used 31839K, capacity 32763K, committed 32816K, reserved 1077248K
  class space    used 3793K, capacity 4190K, committed 4224K, reserved 1048576K
GC Heap History (6 events):
Event: 0.821 GC heap before
{Heap before GC invocations=0 (full 0):
 garbage-first heap   total 260096K, used 24576K [0x0000000703400000, 0x0000000800000000)
  region size 1024K, 24 young (24576K), 0 survivors (0K)
 Metaspace       used 13929K, capacity 14297K, committed 14464K, reserved 1062912K
  class space    used 1465K, capacity 1647K, committed 1664K, reserved 1048576K
}
Event: 0.825 GC heap after
{Heap after GC invocations=1 (full 0):
 garbage-first heap   total 260096K, used 3556K [0x0000000703400000, 0x0000000800000000)
  region size 1024K, 3 young (3072K), 3 survivors (3072K)
 Metaspace       used 13929K, capacity 14297K, committed 14464K, reserved 1062912K
  class space    used 1465K, capacity 1647K, committed 1664K, reserved 1048576K
}
Event: 1.175 GC heap before
{Heap before GC invocations=1 (full 0):
 garbage-first heap   total 260096K, used 21988K [0x0000000703400000, 0x0000000800000000)
  region size 1024K, 22 young (22528K), 3 survivors (3072K)
 Metaspace       used 20593K, capacity 21174K, committed 21296K, reserved 1069056K
  class space    used 2367K, capacity 2619K, committed 2688K, reserved 1048576K
}
Event: 1.181 GC heap after
{Heap after GC invocations=2 (full 0):
 garbage-first heap   total 260096K, used 6717K [0x0000000703400000, 0x0000000800000000)
  region size 1024K, 7 young (7168K), 7 survivors (7168K)
 Metaspace       used 20593K, capacity 21174K, committed 21296K, reserved 1069056K
  class space    used 2367K, capacity 2619K, committed 2688K, reserved 1048576K
}
Event: 27.777 GC heap before
{Heap before GC invocations=3 (full 0):
 garbage-first heap   total 260096K, used 49725K [0x0000000703400000, 0x0000000800000000)
  region size 1024K, 47 young (48128K), 7 survivors (7168K)
 Metaspace       used 31646K, capacity 32563K, committed 32816K, reserved 1077248K
  class space    used 3788K, capacity 4188K, committed 4224K, reserved 1048576K
}
Event: 27.785 GC heap after
{Heap after GC invocations=4 (full 0):
 garbage-first heap   total 260096K, used 13282K [0x0000000703400000, 0x0000000800000000)
  region size 1024K, 5 young (5120K), 5 survivors (5120K)
 Metaspace       used 31646K, capacity 32563K, committed 32816K, reserved 1077248K
  class space    used 3788K, capacity 4188K, committed 4224K, reserved 1048576K
}

